<?xml version="1.0" encoding="UTF-8"?><testsuite errors="0" failures="0" name="com.studentapp.junit.studentsinfo.TagsTest" skipped="0" tests="3" time="5.9" timestamp="2019-09-10 06:33:54"><testcase classname="com.studentapp.junit.studentsinfo.TagsTest" name="This test will provide an error code of 400 when user tries to access invalid resource"/><testcase classname="com.studentapp.junit.studentsinfo.TagsTest" name="This test will verify if a status code of 200 is returned for GET request"/><testcase classname="com.studentapp.junit.studentsinfo.TagsTest" name="Provide a 405 status code when incorrect HTTP method is used to access a resource"/></testsuite>