<?xml version="1.0" encoding="UTF-8"?>
<testng-results skipped="0" failed="0" ignored="0" total="3" passed="3">
  <reporter-output>
  </reporter-output>
  <suite name="Surefire suite" duration-ms="10762" started-at="2019-09-10T13:03:52Z" finished-at="2019-09-10T13:04:03Z">
    <groups>
    </groups>
    <test name="Surefire test" duration-ms="10762" started-at="2019-09-10T13:03:52Z" finished-at="2019-09-10T13:04:03Z">
      <class name="com.studentapp.junit.studentsinfo.TagsTest">
        <test-method status="PASS" signature="incorrectResource()" name="incorrectResource" duration-ms="6599" started-at="2019-09-10T18:33:52Z" finished-at="2019-09-10T18:33:59Z">
          <reporter-output>
          </reporter-output>
        </test-method> <!-- incorrectResource -->
        <test-method status="PASS" signature="verifyIfTheStatusCodeIs200()" name="verifyIfTheStatusCodeIs200" duration-ms="7653" started-at="2019-09-10T18:33:52Z" finished-at="2019-09-10T18:34:00Z">
          <reporter-output>
          </reporter-output>
        </test-method> <!-- verifyIfTheStatusCodeIs200 -->
        <test-method status="PASS" signature="inValidMethod()" name="inValidMethod" duration-ms="8195" started-at="2019-09-10T18:33:52Z" finished-at="2019-09-10T18:34:01Z">
          <reporter-output>
          </reporter-output>
        </test-method> <!-- inValidMethod -->
      </class> <!-- com.studentapp.junit.studentsinfo.TagsTest -->
    </test> <!-- Surefire test -->
  </suite> <!-- Surefire suite -->
</testng-results>
