<?xml version="1.0" encoding="UTF-8"?>
<!-- Generated by org.testng.reporters.JUnitXMLReporter -->
<testsuite hostname="SVINLP00359" ignored="0" name="Surefire test" tests="3" failures="0" timestamp="10 Sep 2019 13:04:03 GMT" time="10.762" errors="0">
  <testcase name="incorrectResource on incorrectResource(com.studentapp.junit.studentsinfo.TagsTest)" time="6.599" classname="com.studentapp.junit.studentsinfo.TagsTest"/>
  <testcase name="verifyIfTheStatusCodeIs200 on verifyIfTheStatusCodeIs200(com.studentapp.junit.studentsinfo.TagsTest)" time="7.653" classname="com.studentapp.junit.studentsinfo.TagsTest"/>
  <testcase name="inValidMethod on inValidMethod(com.studentapp.junit.studentsinfo.TagsTest)" time="8.195" classname="com.studentapp.junit.studentsinfo.TagsTest"/>
</testsuite> <!-- Surefire test -->
